#
# A fatal error has been detected by the Java Runtime Environment:
#
#  EXCEPTION_ACCESS_VIOLATION (0xc0000005) at pc=0x0000000180005b00, pid=3660, tid=7140
#
# JRE version: OpenJDK Runtime Environment (15.0.2+7) (build 15.0.2+7-27)
# Java VM: OpenJDK 64-Bit Server VM (15.0.2+7-27, mixed mode, tiered, compressed oops, g1 gc, windows-amd64)
# Problematic frame:
# C  [rxtxSerial.dll+0x5b00]
#
# No core dump will be written. Minidumps are not enabled by default on client versions of Windows
#
# If you would like to submit a bug report, please visit:
#   https://bugreport.java.com/bugreport/crash.jsp
# The crash happened outside the Java Virtual Machine in native code.
# See problematic frame for where to report the bug.
#

---------------  S U M M A R Y ------------

Command Line: -Djava.library.path=C:\Users\USER\Desktop\projectPcbang-master\lib -Dfile.encoding=UTF-8 --module-path=C:\Users\USER\Downloads\mysql-connector-java-5.1.6\mysql-connector-java-5.1.6-bin.jar;C:\Users\USER\Desktop\projectPcbang-master\purejavacomm-1.0.3.jar;C:\Users\USER\Desktop\projectPcbang-master\lib\RXTXcomm.jar -XX:+ShowCodeDetailsInExceptionMessages control.Vcontrol

Host: Intel(R) Core(TM) i3-3240 CPU @ 3.40GHz, 4 cores, 7G,  Windows 10 , 64 bit Build 19041 (10.0.19041.804)
Time: Mon May 24 06:34:02 2021 대한민국 표준시 elapsed time: 11.387750 seconds (0d 0h 0m 11s)

---------------  T H R E A D  ---------------

Current thread (0x000001ca8f882ec0):  JavaThread "Thread-0" [_thread_in_native, id=7140, stack(0x000000a83e900000,0x000000a83ea00000)]

Stack: [0x000000a83e900000,0x000000a83ea00000],  sp=0x000000a83e9fe270,  free space=1016k
Native frames: (J=compiled Java code, j=interpreted, Vv=VM code, C=native code)
C  [rxtxSerial.dll+0x5b00]

Java frames: (J=compiled Java code, j=interpreted, Vv=VM code)
j  gnu.io.RXTXPort.readByte()I+0 RXTXcomm
j  gnu.io.RXTXPort$SerialInputStream.read()I+81 RXTXcomm
j  control.Vcontrol$SerialReader.serialEvent(Lgnu/io/SerialPortEvent;)V+29
j  gnu.io.RXTXPort.sendEvent(IZ)Z+382 RXTXcomm
v  ~StubRoutines::call_stub
j  gnu.io.RXTXPort.eventLoop()V+0 RXTXcomm
j  gnu.io.RXTXPort$MonitorThread.run()V+12 RXTXcomm
v  ~StubRoutines::call_stub

siginfo: EXCEPTION_ACCESS_VIOLATION (0xc0000005), reading address 0x000000003e9febf8


Register to memory mapping:

RIP=0x0000000180005b00 rxtxSerial.dll
RAX=0x0000000000000001 is an unknown value
RBX=0x0 is NULL
RCX=0x000000018001d4d5 rxtxSerial.dll
RDX=0xfffffffffffff665 is an unknown value
RSP=0x000000a83e9fe270 is pointing into the stack for thread: 0x000001ca8f882ec0
RBP=
[error occurred during error reporting (printing register info), id 0xc0000005, EXCEPTION_ACCESS_VIOLATION (0xc0000005) at pc=0x00007ffd58838322]

Registers:
RAX=0x0000000000000001, RBX=0x0000000000000000, RCX=0x000000018001d4d5, RDX=0xfffffffffffff665
RSP=0x000000a83e9fe270, RBP=0x00000000ffffffff, RSI=0x0000000000000000, RDI=0x000001ca8f8831e8
R8 =0x0000000000000002, R9 =0xfffffffffffff63c, R10=0x00007ffd5902c720, R11=0x8101010101010100
R12=0x000000003e9febf0, R13=0x0000000000000001, R14=0x000000a83e9fe418, R15=0x0000000000000000
RIP=0x0000000180005b00, EFLAGS=0x0000000000010202

Top of Stack: (sp=0x000000a83e9fe270)
0x000000a83e9fe270:   0000000000000000 0000000000000000
0x000000a83e9fe280:   0000000000000000 000001ca8f882ec0
0x000000a83e9fe290:   000001ca8f882ec0 000000a83e9fe418
0x000000a83e9fe2a0:   000001ca90bd5f68 000000a83e9fe418
0x000000a83e9fe2b0:   ffffffffffffffff 0000000000000001
0x000000a83e9fe2c0:   000001ca8f6acc50 0000000180005f3f
0x000000a83e9fe2d0:   000001ca8f8831e8 000001ca8f8831e8
0x000000a83e9fe2e0:   0000000000000001 000000a83e9fe300
0x000000a83e9fe2f0:   000001ca00000001 000001caffffffff
0x000000a83e9fe300:   000000a83e9fe3f8 000000a83e9fe418
0x000000a83e9fe310:   0000000000000014 000001ca8f882ec0
0x000000a83e9fe320:   000001ca8f882ec0 0000000000000001
0x000000a83e9fe330:   000001ca90bd5f70 000001ca8f882ec0
0x000000a83e9fe340:   0000000000000158 000001ca8000eec0
0x000000a83e9fe350:   00005452bc265b24 000001ca90bd5f70
0x000000a83e9fe360:   0000000000000000 0000000000000158 

Instructions: (pc=0x0000000180005b00)
0x0000000180005a00:   5d c3 cc cc cc cc cc cc cc cc cc cc cc cc cc cc
0x0000000180005a10:   48 89 5c 24 08 4c 89 4c 24 20 44 89 44 24 18 55
0x0000000180005a20:   56 57 41 54 41 55 41 56 41 57 48 83 ec 20 48 8b
0x0000000180005a30:   2a 48 8b 01 33 db 48 8b d5 48 8b f9 44 8b fb 8b
0x0000000180005a40:   f3 ff 90 f8 00 00 00 4c 8d 0d 9e 70 01 00 4c 8b
0x0000000180005a50:   e0 48 8b 07 4c 8d 05 b5 70 01 00 49 8b d4 48 8b
0x0000000180005a60:   cf ff 90 f0 02 00 00 48 8b cf 4c 8b c0 48 85 c0
0x0000000180005a70:   48 8b 07 75 28 ff 90 80 00 00 00 4c 8b 1f 48 8b
0x0000000180005a80:   cf 41 ff 93 88 00 00 00 4c 8b 1f 49 8b d4 48 8b
0x0000000180005a90:   cf 41 ff 93 b8 00 00 00 4c 8b e3 eb 54 48 8b d5
0x0000000180005aa0:   ff 90 20 03 00 00 49 8b d4 48 8b cf 48 63 e8 48
0x0000000180005ab0:   8b 07 ff 90 b8 00 00 00 48 8d 15 51 70 01 00 48
0x0000000180005ac0:   8d 0d 0e 7a 01 00 41 b8 02 00 00 00 e8 6f 62 00
0x0000000180005ad0:   00 85 c0 75 19 85 ed 75 15 e8 c2 5e 00 00 48 8d
0x0000000180005ae0:   15 23 7a 01 00 48 8d 48 60 e8 3a 5d 00 00 4c 8b
0x0000000180005af0:   e5 8b ac 24 88 00 00 00 44 8b ac 24 80 00 00 00
0x0000000180005b00:   45 8b 74 24 08 41 89 5c 24 08 41 8b fd 85 ed 78
0x0000000180005b10:   09 ff 15 e9 14 01 00 44 8b f8 45 85 ed 7e 4a 90
0x0000000180005b20:   8b c6 ff c6 83 f8 14 7d 40 85 ed 78 0d ff 15 cd
0x0000000180005b30:   14 01 00 41 2b c7 3b c5 7d 2f 8b 4c 24 70 48 63
0x0000000180005b40:   d3 44 8b c7 48 03 54 24 78 e8 a2 31 00 00 85 c0
0x0000000180005b50:   78 33 74 06 03 d8 2b f8 eb 0a b9 e8 03 00 00 e8
0x0000000180005b60:   1c 1c 00 00 41 3b dd 7c b7 8b c3 45 89 74 24 08
0x0000000180005b70:   48 8b 5c 24 60 48 83 c4 20 41 5f 41 5e 41 5d 41
0x0000000180005b80:   5c 5f 5e 5d c3 e8 1e 61 00 00 83 38 04 74 05 e8
0x0000000180005b90:   14 61 00 00 83 c8 ff eb d2 cc cc cc cc cc cc cc
0x0000000180005ba0:   40 53 55 56 57 41 54 41 55 48 81 ec b8 00 00 00
0x0000000180005bb0:   48 8b 05 71 85 01 00 48 33 c4 48 89 84 24 a0 00
0x0000000180005bc0:   00 00 48 8b 01 45 8b e9 41 8b f8 48 8b f2 48 8b
0x0000000180005bd0:   d9 ff 90 f8 00 00 00 4c 8b 13 4c 8d 0d 33 6f 01
0x0000000180005be0:   00 4c 8d 05 7c 6f 01 00 48 8b d0 48 8b cb 4c 8b
0x0000000180005bf0:   e0 41 ff 92 f0 02 00 00 33 ed 48 8b cb 4c 8b c0 


Stack slot to memory mapping:
stack at sp + 0 slots: 0x0 is NULL
stack at sp + 1 slots: 0x0 is NULL
stack at sp + 2 slots: 0x0 is NULL
stack at sp + 3 slots: 0x000001ca8f882ec0 is a thread
stack at sp + 4 slots: 0x000001ca8f882ec0 is a thread
stack at sp + 5 slots: 0x000000a83e9fe418 is pointing into the stack for thread: 0x000001ca8f882ec0
stack at sp + 6 slots: 0x000001ca90bd5f68 is pointing into metadata
stack at sp + 7 slots: 0x000000a83e9fe418 is pointing into the stack for thread: 0x000001ca8f882ec0


---------------  P R O C E S S  ---------------

Threads class SMR info:
_java_thread_list=0x000001ca8f8a79e0, length=18, elements={
0x000001caff62a420, 0x000001caff62b670, 0x000001ca8f01ce30, 0x000001ca8f01f8f0,
0x000001ca8f020b40, 0x000001ca8f03a9c0, 0x000001ca8f03f2f0, 0x000001ca8f04c390,
0x000001caf4c7a7b0, 0x000001ca8f3f9970, 0x000001ca8f579160, 0x000001ca8f57b640,
0x000001ca8f57df50, 0x000001ca8f650710, 0x000001ca8f7cf430, 0x000001ca8f882ec0,
0x000001ca8fba53b0, 0x000001ca8fba4ee0
}

Java Threads: ( => current thread )
  0x000001caff62a420 JavaThread "Reference Handler" daemon [_thread_blocked, id=2664, stack(0x000000a83d100000,0x000000a83d200000)]
  0x000001caff62b670 JavaThread "Finalizer" daemon [_thread_blocked, id=6088, stack(0x000000a83d200000,0x000000a83d300000)]
  0x000001ca8f01ce30 JavaThread "Signal Dispatcher" daemon [_thread_blocked, id=4704, stack(0x000000a83d300000,0x000000a83d400000)]
  0x000001ca8f01f8f0 JavaThread "Attach Listener" daemon [_thread_blocked, id=520, stack(0x000000a83d400000,0x000000a83d500000)]
  0x000001ca8f020b40 JavaThread "Service Thread" daemon [_thread_blocked, id=5956, stack(0x000000a83d500000,0x000000a83d600000)]
  0x000001ca8f03a9c0 JavaThread "C2 CompilerThread0" daemon [_thread_blocked, id=5636, stack(0x000000a83d600000,0x000000a83d700000)]
  0x000001ca8f03f2f0 JavaThread "C1 CompilerThread0" daemon [_thread_blocked, id=4628, stack(0x000000a83d700000,0x000000a83d800000)]
  0x000001ca8f04c390 JavaThread "Sweeper thread" daemon [_thread_blocked, id=8012, stack(0x000000a83d800000,0x000000a83d900000)]
  0x000001caf4c7a7b0 JavaThread "Common-Cleaner" daemon [_thread_blocked, id=4880, stack(0x000000a83d900000,0x000000a83da00000)]
  0x000001ca8f3f9970 JavaThread "Notification Thread" daemon [_thread_blocked, id=3920, stack(0x000000a83db00000,0x000000a83dc00000)]
  0x000001ca8f579160 JavaThread "Java2D Disposer" daemon [_thread_blocked, id=4808, stack(0x000000a83de00000,0x000000a83df00000)]
  0x000001ca8f57b640 JavaThread "AWT-Shutdown" [_thread_blocked, id=1532, stack(0x000000a83df00000,0x000000a83e000000)]
  0x000001ca8f57df50 JavaThread "AWT-Windows" daemon [_thread_in_native, id=6452, stack(0x000000a83e000000,0x000000a83e100000)]
  0x000001ca8f650710 JavaThread "AWT-EventQueue-0" [_thread_blocked, id=3460, stack(0x000000a83e400000,0x000000a83e500000)]
  0x000001ca8f7cf430 JavaThread "TimerQueue" daemon [_thread_blocked, id=2440, stack(0x000000a83da00000,0x000000a83db00000)]
=>0x000001ca8f882ec0 JavaThread "Thread-0" [_thread_in_native, id=7140, stack(0x000000a83e900000,0x000000a83ea00000)]
  0x000001ca8fba53b0 JavaThread "Thread-1" [_thread_in_native, id=6596, stack(0x000000a83ea00000,0x000000a83eb00000)]
  0x000001ca8fba4ee0 JavaThread "DestroyJavaVM" [_thread_blocked, id=1764, stack(0x000000a83ca00000,0x000000a83cb00000)]

Other Threads:
  0x000001caff5f4090 VMThread "VM Thread" [stack: 0x000000a83d000000,0x000000a83d100000] [id=2680]
  0x000001caf4b9fb10 WatcherThread [stack: 0x000000a83dc00000,0x000000a83dd00000] [id=2556]
  0x000001caf4bdd060 GCTaskThread "GC Thread#0" [stack: 0x000000a83cb00000,0x000000a83cc00000] [id=5304]
  0x000001ca8f489640 GCTaskThread "GC Thread#1" [stack: 0x000000a83e100000,0x000000a83e200000] [id=4736]
  0x000001ca8f489970 GCTaskThread "GC Thread#2" [stack: 0x000000a83e200000,0x000000a83e300000] [id=2404]
  0x000001ca8f48b2f0 GCTaskThread "GC Thread#3" [stack: 0x000000a83e300000,0x000000a83e400000] [id=6676]
  0x000001caf4bee000 ConcurrentGCThread "G1 Main Marker" [stack: 0x000000a83cc00000,0x000000a83cd00000] [id=3644]
  0x000001caf4bf0560 ConcurrentGCThread "G1 Conc#0" [stack: 0x000000a83cd00000,0x000000a83ce00000] [id=4588]
  0x000001caf4c689f0 ConcurrentGCThread "G1 Refine#0" [stack: 0x000000a83ce00000,0x000000a83cf00000] [id=8032]
  0x000001caf4c69e10 ConcurrentGCThread "G1 Young RemSet Sampling" [stack: 0x000000a83cf00000,0x000000a83d000000] [id=2184]

Threads with active compile tasks:

VM state: not at safepoint (normal execution)

VM Mutex/Monitor currently owned by a thread: None

Heap address: 0x0000000081a00000, size: 2022 MB, Compressed Oops mode: 32-bit
CDS disabled.
Compressed class space mapped at: 0x0000000100000000-0x0000000140000000, size: 1073741824
Narrow klass base: 0x0000000000000000, Narrow klass shift: 3, Narrow klass range: 0x140000000

GC Precious Log:
 CPUs: 4 total, 4 available
 Memory: 8084M
 Large Page Support: Disabled
 NUMA Support: Disabled
 Compressed Oops: Enabled (32-bit)
 Heap Region Size: 1M
 Heap Min Capacity: 8M
 Heap Initial Capacity: 128M
 Heap Max Capacity: 2022M
 Pre-touch: Disabled
 Parallel Workers: 4
 Concurrent Workers: 1
 Concurrent Refinement Workers: 4
 Periodic GC: Disabled

Heap:
 garbage-first heap   total 131072K, used 37675K [0x0000000081a00000, 0x0000000100000000)
  region size 1024K, 6 young (6144K), 2 survivors (2048K)
 Metaspace       used 16520K, capacity 16662K, committed 16896K, reserved 1064960K
  class space    used 1671K, capacity 1732K, committed 1792K, reserved 1048576K

Heap Regions: E=young(eden), S=young(survivor), O=old, HS=humongous(starts), HC=humongous(continues), CS=collection set, F=free, OA=open archive, CA=closed archive, TAMS=top-at-mark-start (previous, next)
|   0|0x0000000081a00000, 0x0000000081b00000, 0x0000000081b00000|100%|HS|  |TAMS 0x0000000081a00000, 0x0000000081a00000| Complete 
|   1|0x0000000081b00000, 0x0000000081c00000, 0x0000000081c00000|100%|HC|  |TAMS 0x0000000081b00000, 0x0000000081b00000| Complete 
|   2|0x0000000081c00000, 0x0000000081d00000, 0x0000000081d00000|100%|HC|  |TAMS 0x0000000081c00000, 0x0000000081c00000| Complete 
|   3|0x0000000081d00000, 0x0000000081e00000, 0x0000000081e00000|100%|HC|  |TAMS 0x0000000081d00000, 0x0000000081d00000| Complete 
|   4|0x0000000081e00000, 0x0000000081f00000, 0x0000000081f00000|100%|HC|  |TAMS 0x0000000081e00000, 0x0000000081e00000| Complete 
|   5|0x0000000081f00000, 0x0000000082000000, 0x0000000082000000|100%|HC|  |TAMS 0x0000000081f00000, 0x0000000081f00000| Complete 
|   6|0x0000000082000000, 0x0000000082100000, 0x0000000082100000|100%|HC|  |TAMS 0x0000000082000000, 0x0000000082000000| Complete 
|   7|0x0000000082100000, 0x0000000082200000, 0x0000000082200000|100%|HC|  |TAMS 0x0000000082100000, 0x0000000082100000| Complete 
|   8|0x0000000082200000, 0x0000000082300000, 0x0000000082300000|100%|HS|  |TAMS 0x0000000082200000, 0x0000000082200000| Complete 
|   9|0x0000000082300000, 0x0000000082400000, 0x0000000082400000|100%|HC|  |TAMS 0x0000000082300000, 0x0000000082300000| Complete 
|  10|0x0000000082400000, 0x0000000082500000, 0x0000000082500000|100%|HC|  |TAMS 0x0000000082400000, 0x0000000082400000| Complete 
|  11|0x0000000082500000, 0x0000000082600000, 0x0000000082600000|100%|HC|  |TAMS 0x0000000082500000, 0x0000000082500000| Complete 
|  12|0x0000000082600000, 0x0000000082700000, 0x0000000082700000|100%|HC|  |TAMS 0x0000000082600000, 0x0000000082600000| Complete 
|  13|0x0000000082700000, 0x0000000082800000, 0x0000000082800000|100%|HC|  |TAMS 0x0000000082700000, 0x0000000082700000| Complete 
|  14|0x0000000082800000, 0x0000000082900000, 0x0000000082900000|100%|HC|  |TAMS 0x0000000082800000, 0x0000000082800000| Complete 
|  15|0x0000000082900000, 0x0000000082a00000, 0x0000000082a00000|100%|HC|  |TAMS 0x0000000082900000, 0x0000000082900000| Complete 
|  16|0x0000000082a00000, 0x0000000082b00000, 0x0000000082b00000|100%|HS|  |TAMS 0x0000000082a00000, 0x0000000082a00000| Complete 
|  17|0x0000000082b00000, 0x0000000082c00000, 0x0000000082c00000|100%|HC|  |TAMS 0x0000000082b00000, 0x0000000082b00000| Complete 
|  18|0x0000000082c00000, 0x0000000082d00000, 0x0000000082d00000|100%|HC|  |TAMS 0x0000000082c00000, 0x0000000082c00000| Complete 
|  19|0x0000000082d00000, 0x0000000082e00000, 0x0000000082e00000|100%|HC|  |TAMS 0x0000000082d00000, 0x0000000082d00000| Complete 
|  20|0x0000000082e00000, 0x0000000082f00000, 0x0000000082f00000|100%|HC|  |TAMS 0x0000000082e00000, 0x0000000082e00000| Complete 
|  21|0x0000000082f00000, 0x0000000083000000, 0x0000000083000000|100%|HC|  |TAMS 0x0000000082f00000, 0x0000000082f00000| Complete 
|  22|0x0000000083000000, 0x0000000083100000, 0x0000000083100000|100%|HC|  |TAMS 0x0000000083000000, 0x0000000083000000| Complete 
|  23|0x0000000083100000, 0x0000000083200000, 0x0000000083200000|100%|HC|  |TAMS 0x0000000083100000, 0x0000000083100000| Complete 
|  24|0x0000000083200000, 0x0000000083300000, 0x0000000083300000|100%|HS|  |TAMS 0x0000000083200000, 0x0000000083200000| Complete 
|  25|0x0000000083300000, 0x0000000083400000, 0x0000000083400000|100%|HC|  |TAMS 0x0000000083300000, 0x0000000083300000| Complete 
|  26|0x0000000083400000, 0x0000000083500000, 0x0000000083500000|100%|HC|  |TAMS 0x0000000083400000, 0x0000000083400000| Complete 
|  27|0x0000000083500000, 0x0000000083600000, 0x0000000083600000|100%|HC|  |TAMS 0x0000000083500000, 0x0000000083500000| Complete 
|  28|0x0000000083600000, 0x0000000083700000, 0x0000000083700000|100%|HC|  |TAMS 0x0000000083600000, 0x0000000083600000| Complete 
|  29|0x0000000083700000, 0x0000000083800000, 0x0000000083800000|100%|HC|  |TAMS 0x0000000083700000, 0x0000000083700000| Complete 
|  30|0x0000000083800000, 0x0000000083900000, 0x0000000083900000|100%|HC|  |TAMS 0x0000000083800000, 0x0000000083800000| Complete 
|  31|0x0000000083900000, 0x0000000083a00000, 0x0000000083a00000|100%|HC|  |TAMS 0x0000000083900000, 0x0000000083900000| Complete 
|  32|0x0000000083a00000, 0x0000000083a00000, 0x0000000083b00000|  0%| F|  |TAMS 0x0000000083a00000, 0x0000000083a00000| Untracked 
|  33|0x0000000083b00000, 0x0000000083b00000, 0x0000000083c00000|  0%| F|  |TAMS 0x0000000083b00000, 0x0000000083b00000| Untracked 
|  34|0x0000000083c00000, 0x0000000083c00000, 0x0000000083d00000|  0%| F|  |TAMS 0x0000000083c00000, 0x0000000083c00000| Untracked 
|  35|0x0000000083d00000, 0x0000000083d00000, 0x0000000083e00000|  0%| F|  |TAMS 0x0000000083d00000, 0x0000000083d00000| Untracked 
|  36|0x0000000083e00000, 0x0000000083e00000, 0x0000000083f00000|  0%| F|  |TAMS 0x0000000083e00000, 0x0000000083e00000| Untracked 
|  37|0x0000000083f00000, 0x0000000083f00000, 0x0000000084000000|  0%| F|  |TAMS 0x0000000083f00000, 0x0000000083f00000| Untracked 
|  38|0x0000000084000000, 0x0000000084000000, 0x0000000084100000|  0%| F|  |TAMS 0x0000000084000000, 0x0000000084000000| Untracked 
|  39|0x0000000084100000, 0x0000000084100000, 0x0000000084200000|  0%| F|  |TAMS 0x0000000084100000, 0x0000000084100000| Untracked 
|  40|0x0000000084200000, 0x0000000084200000, 0x0000000084300000|  0%| F|  |TAMS 0x0000000084200000, 0x0000000084200000| Untracked 
|  41|0x0000000084300000, 0x0000000084300000, 0x0000000084400000|  0%| F|  |TAMS 0x0000000084300000, 0x0000000084300000| Untracked 
|  42|0x0000000084400000, 0x0000000084400000, 0x0000000084500000|  0%| F|  |TAMS 0x0000000084400000, 0x0000000084400000| Untracked 
|  43|0x0000000084500000, 0x0000000084500000, 0x0000000084600000|  0%| F|  |TAMS 0x0000000084500000, 0x0000000084500000| Untracked 
|  44|0x0000000084600000, 0x0000000084600000, 0x0000000084700000|  0%| F|  |TAMS 0x0000000084600000, 0x0000000084600000| Untracked 
|  45|0x0000000084700000, 0x0000000084700000, 0x0000000084800000|  0%| F|  |TAMS 0x0000000084700000, 0x0000000084700000| Untracked 
|  46|0x0000000084800000, 0x0000000084800000, 0x0000000084900000|  0%| F|  |TAMS 0x0000000084800000, 0x0000000084800000| Untracked 
|  47|0x0000000084900000, 0x0000000084900000, 0x0000000084a00000|  0%| F|  |TAMS 0x0000000084900000, 0x0000000084900000| Untracked 
|  48|0x0000000084a00000, 0x0000000084a00000, 0x0000000084b00000|  0%| F|  |TAMS 0x0000000084a00000, 0x0000000084a00000| Untracked 
|  49|0x0000000084b00000, 0x0000000084b00000, 0x0000000084c00000|  0%| F|  |TAMS 0x0000000084b00000, 0x0000000084b00000| Untracked 
|  50|0x0000000084c00000, 0x0000000084c00000, 0x0000000084d00000|  0%| F|  |TAMS 0x0000000084c00000, 0x0000000084c00000| Untracked 
|  51|0x0000000084d00000, 0x0000000084d00000, 0x0000000084e00000|  0%| F|  |TAMS 0x0000000084d00000, 0x0000000084d00000| Untracked 
|  52|0x0000000084e00000, 0x0000000084e00000, 0x0000000084f00000|  0%| F|  |TAMS 0x0000000084e00000, 0x0000000084e00000| Untracked 
|  53|0x0000000084f00000, 0x0000000084f00000, 0x0000000085000000|  0%| F|  |TAMS 0x0000000084f00000, 0x0000000084f00000| Untracked 
|  54|0x0000000085000000, 0x0000000085000000, 0x0000000085100000|  0%| F|  |TAMS 0x0000000085000000, 0x0000000085000000| Untracked 
|  55|0x0000000085100000, 0x0000000085100000, 0x0000000085200000|  0%| F|  |TAMS 0x0000000085100000, 0x0000000085100000| Untracked 
|  56|0x0000000085200000, 0x0000000085200000, 0x0000000085300000|  0%| F|  |TAMS 0x0000000085200000, 0x0000000085200000| Untracked 
|  57|0x0000000085300000, 0x0000000085300000, 0x0000000085400000|  0%| F|  |TAMS 0x0000000085300000, 0x0000000085300000| Untracked 
|  58|0x0000000085400000, 0x0000000085400000, 0x0000000085500000|  0%| F|  |TAMS 0x0000000085400000, 0x0000000085400000| Untracked 
|  59|0x0000000085500000, 0x0000000085500000, 0x0000000085600000|  0%| F|  |TAMS 0x0000000085500000, 0x0000000085500000| Untracked 
|  60|0x0000000085600000, 0x0000000085600000, 0x0000000085700000|  0%| F|  |TAMS 0x0000000085600000, 0x0000000085600000| Untracked 
|  61|0x0000000085700000, 0x0000000085700000, 0x0000000085800000|  0%| F|  |TAMS 0x0000000085700000, 0x0000000085700000| Untracked 
|  62|0x0000000085800000, 0x0000000085800000, 0x0000000085900000|  0%| F|  |TAMS 0x0000000085800000, 0x0000000085800000| Untracked 
|  63|0x0000000085900000, 0x0000000085900000, 0x0000000085a00000|  0%| F|  |TAMS 0x0000000085900000, 0x0000000085900000| Untracked 
|  64|0x0000000085a00000, 0x0000000085a00000, 0x0000000085b00000|  0%| F|  |TAMS 0x0000000085a00000, 0x0000000085a00000| Untracked 
|  65|0x0000000085b00000, 0x0000000085b00000, 0x0000000085c00000|  0%| F|  |TAMS 0x0000000085b00000, 0x0000000085b00000| Untracked 
|  66|0x0000000085c00000, 0x0000000085c00000, 0x0000000085d00000|  0%| F|  |TAMS 0x0000000085c00000, 0x0000000085c00000| Untracked 
|  67|0x0000000085d00000, 0x0000000085d00000, 0x0000000085e00000|  0%| F|  |TAMS 0x0000000085d00000, 0x0000000085d00000| Untracked 
|  68|0x0000000085e00000, 0x0000000085e00000, 0x0000000085f00000|  0%| F|  |TAMS 0x0000000085e00000, 0x0000000085e00000| Untracked 
|  69|0x0000000085f00000, 0x0000000085f00000, 0x0000000086000000|  0%| F|  |TAMS 0x0000000085f00000, 0x0000000085f00000| Untracked 
|  70|0x0000000086000000, 0x0000000086000000, 0x0000000086100000|  0%| F|  |TAMS 0x0000000086000000, 0x0000000086000000| Untracked 
|  71|0x0000000086100000, 0x0000000086100000, 0x0000000086200000|  0%| F|  |TAMS 0x0000000086100000, 0x0000000086100000| Untracked 
|  72|0x0000000086200000, 0x0000000086200000, 0x0000000086300000|  0%| F|  |TAMS 0x0000000086200000, 0x0000000086200000| Untracked 
|  73|0x0000000086300000, 0x0000000086300000, 0x0000000086400000|  0%| F|  |TAMS 0x0000000086300000, 0x0000000086300000| Untracked 
|  74|0x0000000086400000, 0x0000000086400000, 0x0000000086500000|  0%| F|  |TAMS 0x0000000086400000, 0x0000000086400000| Untracked 
|  75|0x0000000086500000, 0x0000000086500000, 0x0000000086600000|  0%| F|  |TAMS 0x0000000086500000, 0x0000000086500000| Untracked 
|  76|0x0000000086600000, 0x0000000086600000, 0x0000000086700000|  0%| F|  |TAMS 0x0000000086600000, 0x0000000086600000| Untracked 
|  77|0x0000000086700000, 0x0000000086700000, 0x0000000086800000|  0%| F|  |TAMS 0x0000000086700000, 0x0000000086700000| Untracked 
|  78|0x0000000086800000, 0x0000000086800000, 0x0000000086900000|  0%| F|  |TAMS 0x0000000086800000, 0x0000000086800000| Untracked 
|  79|0x0000000086900000, 0x0000000086900000, 0x0000000086a00000|  0%| F|  |TAMS 0x0000000086900000, 0x0000000086900000| Untracked 
|  80|0x0000000086a00000, 0x0000000086a00000, 0x0000000086b00000|  0%| F|  |TAMS 0x0000000086a00000, 0x0000000086a00000| Untracked 
|  81|0x0000000086b00000, 0x0000000086b00000, 0x0000000086c00000|  0%| F|  |TAMS 0x0000000086b00000, 0x0000000086b00000| Untracked 
|  82|0x0000000086c00000, 0x0000000086c00000, 0x0000000086d00000|  0%| F|  |TAMS 0x0000000086c00000, 0x0000000086c00000| Untracked 
|  83|0x0000000086d00000, 0x0000000086d00000, 0x0000000086e00000|  0%| F|  |TAMS 0x0000000086d00000, 0x0000000086d00000| Untracked 
|  84|0x0000000086e00000, 0x0000000086e00000, 0x0000000086f00000|  0%| F|  |TAMS 0x0000000086e00000, 0x0000000086e00000| Untracked 
|  85|0x0000000086f00000, 0x0000000086f00000, 0x0000000087000000|  0%| F|  |TAMS 0x0000000086f00000, 0x0000000086f00000| Untracked 
|  86|0x0000000087000000, 0x0000000087000000, 0x0000000087100000|  0%| F|  |TAMS 0x0000000087000000, 0x0000000087000000| Untracked 
|  87|0x0000000087100000, 0x0000000087100000, 0x0000000087200000|  0%| F|  |TAMS 0x0000000087100000, 0x0000000087100000| Untracked 
|  88|0x0000000087200000, 0x0000000087200000, 0x0000000087300000|  0%| F|  |TAMS 0x0000000087200000, 0x0000000087200000| Untracked 
|  89|0x0000000087300000, 0x0000000087300000, 0x0000000087400000|  0%| F|  |TAMS 0x0000000087300000, 0x0000000087300000| Untracked 
|  90|0x0000000087400000, 0x0000000087400000, 0x0000000087500000|  0%| F|  |TAMS 0x0000000087400000, 0x0000000087400000| Untracked 
|  91|0x0000000087500000, 0x0000000087500000, 0x0000000087600000|  0%| F|  |TAMS 0x0000000087500000, 0x0000000087500000| Untracked 
|  92|0x0000000087600000, 0x0000000087600000, 0x0000000087700000|  0%| F|  |TAMS 0x0000000087600000, 0x0000000087600000| Untracked 
|  93|0x0000000087700000, 0x0000000087700000, 0x0000000087800000|  0%| F|  |TAMS 0x0000000087700000, 0x0000000087700000| Untracked 
|  94|0x0000000087800000, 0x0000000087800000, 0x0000000087900000|  0%| F|  |TAMS 0x0000000087800000, 0x0000000087800000| Untracked 
|  95|0x0000000087900000, 0x0000000087900000, 0x0000000087a00000|  0%| F|  |TAMS 0x0000000087900000, 0x0000000087900000| Untracked 
|  96|0x0000000087a00000, 0x0000000087a00000, 0x0000000087b00000|  0%| F|  |TAMS 0x0000000087a00000, 0x0000000087a00000| Untracked 
|  97|0x0000000087b00000, 0x0000000087b00000, 0x0000000087c00000|  0%| F|  |TAMS 0x0000000087b00000, 0x0000000087b00000| Untracked 
|  98|0x0000000087c00000, 0x0000000087c00000, 0x0000000087d00000|  0%| F|  |TAMS 0x0000000087c00000, 0x0000000087c00000| Untracked 
|  99|0x0000000087d00000, 0x0000000087d00000, 0x0000000087e00000|  0%| F|  |TAMS 0x0000000087d00000, 0x0000000087d00000| Untracked 
| 100|0x0000000087e00000, 0x0000000087e00000, 0x0000000087f00000|  0%| F|  |TAMS 0x0000000087e00000, 0x0000000087e00000| Untracked 
| 101|0x0000000087f00000, 0x0000000087f00000, 0x0000000088000000|  0%| F|  |TAMS 0x0000000087f00000, 0x0000000087f00000| Untracked 
| 102|0x0000000088000000, 0x0000000088000000, 0x0000000088100000|  0%| F|  |TAMS 0x0000000088000000, 0x0000000088000000| Untracked 
| 103|0x0000000088100000, 0x0000000088100000, 0x0000000088200000|  0%| F|  |TAMS 0x0000000088100000, 0x0000000088100000| Untracked 
| 104|0x0000000088200000, 0x0000000088200000, 0x0000000088300000|  0%| F|  |TAMS 0x0000000088200000, 0x0000000088200000| Untracked 
| 105|0x0000000088300000, 0x0000000088300000, 0x0000000088400000|  0%| F|  |TAMS 0x0000000088300000, 0x0000000088300000| Untracked 
| 106|0x0000000088400000, 0x0000000088400000, 0x0000000088500000|  0%| F|  |TAMS 0x0000000088400000, 0x0000000088400000| Untracked 
| 107|0x0000000088500000, 0x0000000088500000, 0x0000000088600000|  0%| F|  |TAMS 0x0000000088500000, 0x0000000088500000| Untracked 
| 108|0x0000000088600000, 0x0000000088600000, 0x0000000088700000|  0%| F|  |TAMS 0x0000000088600000, 0x0000000088600000| Untracked 
| 109|0x0000000088700000, 0x0000000088700000, 0x0000000088800000|  0%| F|  |TAMS 0x0000000088700000, 0x0000000088700000| Untracked 
| 110|0x0000000088800000, 0x0000000088800000, 0x0000000088900000|  0%| F|  |TAMS 0x0000000088800000, 0x0000000088800000| Untracked 
| 111|0x0000000088900000, 0x0000000088900000, 0x0000000088a00000|  0%| F|  |TAMS 0x0000000088900000, 0x0000000088900000| Untracked 
| 112|0x0000000088a00000, 0x0000000088a00000, 0x0000000088b00000|  0%| F|  |TAMS 0x0000000088a00000, 0x0000000088a00000| Untracked 
| 113|0x0000000088b00000, 0x0000000088bcaed0, 0x0000000088c00000| 79%| S|CS|TAMS 0x0000000088b00000, 0x0000000088b00000| Complete 
| 114|0x0000000088c00000, 0x0000000088d00000, 0x0000000088d00000|100%| S|CS|TAMS 0x0000000088c00000, 0x0000000088c00000| Complete 
| 115|0x0000000088d00000, 0x0000000088d00000, 0x0000000088e00000|  0%| F|  |TAMS 0x0000000088d00000, 0x0000000088d00000| Untracked 
| 116|0x0000000088e00000, 0x0000000088e00000, 0x0000000088f00000|  0%| F|  |TAMS 0x0000000088e00000, 0x0000000088e00000| Untracked 
| 117|0x0000000088f00000, 0x0000000088f00000, 0x0000000089000000|  0%| F|  |TAMS 0x0000000088f00000, 0x0000000088f00000| Untracked 
| 118|0x0000000089000000, 0x0000000089000000, 0x0000000089100000|  0%| F|  |TAMS 0x0000000089000000, 0x0000000089000000| Untracked 
| 119|0x0000000089100000, 0x0000000089100000, 0x0000000089200000|  0%| F|  |TAMS 0x0000000089100000, 0x0000000089100000| Untracked 
| 120|0x0000000089200000, 0x0000000089200000, 0x0000000089300000|  0%| F|  |TAMS 0x0000000089200000, 0x0000000089200000| Untracked 
| 121|0x0000000089300000, 0x0000000089300000, 0x0000000089400000|  0%| F|  |TAMS 0x0000000089300000, 0x0000000089300000| Untracked 
| 122|0x0000000089400000, 0x0000000089400000, 0x0000000089500000|  0%| F|  |TAMS 0x0000000089400000, 0x0000000089400000| Untracked 
| 123|0x0000000089500000, 0x0000000089500000, 0x0000000089600000|  0%| F|  |TAMS 0x0000000089500000, 0x0000000089500000| Untracked 
| 124|0x0000000089600000, 0x00000000896da3a0, 0x0000000089700000| 85%| E|  |TAMS 0x0000000089600000, 0x0000000089600000| Complete 
| 125|0x0000000089700000, 0x0000000089800000, 0x0000000089800000|100%| E|CS|TAMS 0x0000000089700000, 0x0000000089700000| Complete 
| 126|0x0000000089800000, 0x0000000089900000, 0x0000000089900000|100%| E|CS|TAMS 0x0000000089800000, 0x0000000089800000| Complete 
| 127|0x0000000089900000, 0x0000000089a00000, 0x0000000089a00000|100%| E|CS|TAMS 0x0000000089900000, 0x0000000089900000| Complete 

Card table byte_map: [0x000001caf89c0000,0x000001caf8dc0000] _byte_map_base: 0x000001caf85b3000

Marking Bits (Prev, Next): (CMBitMap*) 0x000001caf4bdd8d0, (CMBitMap*) 0x000001caf4bdd910
 Prev Bits: [0x000001caf91c0000, 0x000001cafb158000)
 Next Bits: [0x000001cafb160000, 0x000001cafd0f8000)

Polling page: 0x000001caf2b10000

Metaspace:

Usage:
  Non-class:     14.58 MB capacity,    14.50 MB (>99%) used,    62.10 KB ( <1%) free+waste,    18.69 KB ( <1%) overhead. 
      Class:      1.69 MB capacity,     1.63 MB ( 97%) used,    53.84 KB (  3%) free+waste,     6.50 KB ( <1%) overhead. 
       Both:     16.27 MB capacity,    16.13 MB (>99%) used,   115.94 KB ( <1%) free+waste,    25.19 KB ( <1%) overhead. 

Virtual space:
  Non-class space:       16.00 MB reserved,      14.75 MB ( 92%) committed 
      Class space:        1.00 GB reserved,       1.75 MB ( <1%) committed 
             Both:        1.02 GB reserved,      16.50 MB (  2%) committed 

Chunk freelists:
   Non-Class:  46.00 KB
       Class:  28.00 KB
        Both:  74.00 KB

MaxMetaspaceSize: 17179869184.00 GB
CompressedClassSpaceSize: 1.00 GB

CodeHeap 'non-profiled nmethods': size=120000Kb used=332Kb max_used=332Kb free=119668Kb
 bounds [0x000001ca87ad0000, 0x000001ca87d40000, 0x000001ca8f000000]
CodeHeap 'profiled nmethods': size=120000Kb used=1894Kb max_used=1894Kb free=118105Kb
 bounds [0x000001ca805a0000, 0x000001ca80810000, 0x000001ca87ad0000]
CodeHeap 'non-nmethods': size=5760Kb used=1291Kb max_used=1305Kb free=4468Kb
 bounds [0x000001ca80000000, 0x000001ca80270000, 0x000001ca805a0000]
 total_blobs=1748 nmethods=1162 adapters=499
 compilation: enabled
              stopped_count=0, restarted_count=0
 full_count=0

Compilation events (20 events):
Event: 1.855 Thread 0x000001ca8f03f2f0 1154       1       java.net.URL::getProtocol (5 bytes)
Event: 1.855 Thread 0x000001ca8f03f2f0 nmethod 1154 0x000001ca87b22110 code [0x000001ca87b222a0, 0x000001ca87b22358]
Event: 1.867 Thread 0x000001ca8f03f2f0 1155       3       java.awt.Toolkit$SelectiveAWTEventListener::eventDispatched (745 bytes)
Event: 1.868 Thread 0x000001ca8f03f2f0 nmethod 1155 0x000001ca80775510 code [0x000001ca80775780, 0x000001ca80776cc8]
Event: 2.161 Thread 0x000001ca8f03f2f0 1156       3       java.lang.ThreadLocal::get (38 bytes)
Event: 2.161 Thread 0x000001ca8f03f2f0 nmethod 1156 0x000001ca80777110 code [0x000001ca807772e0, 0x000001ca807775d8]
Event: 2.266 Thread 0x000001ca8f03f2f0 1157       1       java.awt.Color::getRGB (5 bytes)
Event: 2.267 Thread 0x000001ca8f03f2f0 nmethod 1157 0x000001ca87b22410 code [0x000001ca87b225a0, 0x000001ca87b22658]
Event: 2.269 Thread 0x000001ca8f03f2f0 1158       1       java.awt.Component::getX (5 bytes)
Event: 2.269 Thread 0x000001ca8f03f2f0 nmethod 1158 0x000001ca87b22710 code [0x000001ca87b228a0, 0x000001ca87b22958]
Event: 2.269 Thread 0x000001ca8f03f2f0 1159       1       java.awt.Component::getY (5 bytes)
Event: 2.269 Thread 0x000001ca8f03f2f0 nmethod 1159 0x000001ca87b22a10 code [0x000001ca87b22ba0, 0x000001ca87b22c58]
Event: 2.774 Thread 0x000001ca8f03f2f0 1160       3       java.awt.Component::getFont_NoClientCode (29 bytes)
Event: 2.774 Thread 0x000001ca8f03f2f0 nmethod 1160 0x000001ca80777790 code [0x000001ca80777940, 0x000001ca80777c28]
Event: 3.011 Thread 0x000001ca8f03f2f0 1161       3       java.lang.invoke.MemberName::<init> (139 bytes)
Event: 3.012 Thread 0x000001ca8f03f2f0 nmethod 1161 0x000001ca80777d10 code [0x000001ca80778040, 0x000001ca80779218]
Event: 3.078 Thread 0x000001ca8f03f2f0 1162       3       java.awt.Component::dispatchEvent (6 bytes)
Event: 3.078 Thread 0x000001ca8f03f2f0 nmethod 1162 0x000001ca80779710 code [0x000001ca807798c0, 0x000001ca80779a68]
Event: 11.378 Thread 0x000001ca8f03f2f0 1163       1       java.security.ProtectionDomain::getCodeSource (5 bytes)
Event: 11.379 Thread 0x000001ca8f03f2f0 nmethod 1163 0x000001ca87b22d10 code [0x000001ca87b22ea0, 0x000001ca87b22f58]

GC Heap History (2 events):
Event: 0.925 GC heap before
{Heap before GC invocations=0 (full 0):
 garbage-first heap   total 131072K, used 21504K [0x0000000081a00000, 0x0000000100000000)
  region size 1024K, 13 young (13312K), 0 survivors (0K)
 Metaspace       used 12220K, capacity 12367K, committed 12544K, reserved 1060864K
  class space    used 1182K, capacity 1240K, committed 1280K, reserved 1048576K
}
Event: 0.929 GC heap after
{Heap after GC invocations=1 (full 0):
 garbage-first heap   total 131072K, used 10027K [0x0000000081a00000, 0x0000000100000000)
  region size 1024K, 2 young (2048K), 2 survivors (2048K)
 Metaspace       used 12220K, capacity 12367K, committed 12544K, reserved 1060864K
  class space    used 1182K, capacity 1240K, committed 1280K, reserved 1048576K
}

Deoptimization events (20 events):
Event: 0.948 Thread 0x000001caf4b9e960 Uncommon trap: trap_request=0xffffff45 fr.pc=0x000001ca87ae39b0 relative=0x0000000000000090
Event: 0.948 Thread 0x000001caf4b9e960 Uncommon trap: reason=unstable_if action=reinterpret pc=0x000001ca87ae39b0 method=java.util.HashMap.hash(Ljava/lang/Object;)I @ 1 c2
Event: 0.948 Thread 0x000001caf4b9e960 DEOPT PACKING pc=0x000001ca87ae39b0 sp=0x000000a83cafe870
Event: 0.948 Thread 0x000001caf4b9e960 DEOPT UNPACKING pc=0x000001ca8004e42f sp=0x000000a83cafe808 mode 2
Event: 0.988 Thread 0x000001ca8f57df50 Uncommon trap: trap_request=0xffffffde fr.pc=0x000001ca87ae9080 relative=0x0000000000000b80
Event: 0.988 Thread 0x000001ca8f57df50 Uncommon trap: reason=class_check action=maybe_recompile pc=0x000001ca87ae9080 method=java.util.HashMap.putVal(ILjava/lang/Object;Ljava/lang/Object;ZZ)Ljava/lang/Object; @ 203 c2
Event: 0.988 Thread 0x000001ca8f57df50 DEOPT PACKING pc=0x000001ca87ae9080 sp=0x000000a83e0fe200
Event: 0.988 Thread 0x000001ca8f57df50 DEOPT UNPACKING pc=0x000001ca8004e42f sp=0x000000a83e0fe1a0 mode 2
Event: 0.988 Thread 0x000001ca8f57df50 Uncommon trap: trap_request=0xffffffde fr.pc=0x000001ca87ae8fc4 relative=0x0000000000000ac4
Event: 0.988 Thread 0x000001ca8f57df50 Uncommon trap: reason=class_check action=maybe_recompile pc=0x000001ca87ae8fc4 method=java.util.HashMap.putVal(ILjava/lang/Object;Ljava/lang/Object;ZZ)Ljava/lang/Object; @ 91 c2
Event: 0.988 Thread 0x000001ca8f57df50 DEOPT PACKING pc=0x000001ca87ae8fc4 sp=0x000000a83e0fe200
Event: 0.988 Thread 0x000001ca8f57df50 DEOPT UNPACKING pc=0x000001ca8004e42f sp=0x000000a83e0fe1a0 mode 2
Event: 0.988 Thread 0x000001ca8f57df50 Uncommon trap: trap_request=0xffffffde fr.pc=0x000001ca87ae9080 relative=0x0000000000000b80
Event: 0.988 Thread 0x000001ca8f57df50 Uncommon trap: reason=class_check action=maybe_recompile pc=0x000001ca87ae9080 method=java.util.HashMap.putVal(ILjava/lang/Object;Ljava/lang/Object;ZZ)Ljava/lang/Object; @ 203 c2
Event: 0.988 Thread 0x000001ca8f57df50 DEOPT PACKING pc=0x000001ca87ae9080 sp=0x000000a83e0fe200
Event: 0.988 Thread 0x000001ca8f57df50 DEOPT UNPACKING pc=0x000001ca8004e42f sp=0x000000a83e0fe1a0 mode 2
Event: 0.988 Thread 0x000001ca8f57df50 Uncommon trap: trap_request=0xffffffde fr.pc=0x000001ca87ae9080 relative=0x0000000000000b80
Event: 0.988 Thread 0x000001ca8f57df50 Uncommon trap: reason=class_check action=maybe_recompile pc=0x000001ca87ae9080 method=java.util.HashMap.putVal(ILjava/lang/Object;Ljava/lang/Object;ZZ)Ljava/lang/Object; @ 203 c2
Event: 0.988 Thread 0x000001ca8f57df50 DEOPT PACKING pc=0x000001ca87ae9080 sp=0x000000a83e0fe200
Event: 0.988 Thread 0x000001ca8f57df50 DEOPT UNPACKING pc=0x000001ca8004e42f sp=0x000000a83e0fe1a0 mode 2

Classes unloaded (0 events):
No events

Classes redefined (0 events):
No events

Internal exceptions (20 events):
Event: 0.524 Thread 0x000001caf4b9e960 Exception <a 'java/lang/NoSuchMethodError'{0x0000000089720000}: 'void java.lang.invoke.DirectMethodHandle$Holder.invokeStatic(java.lang.Object, java.lang.Object, java.lang.Object, java.lang.Object)'> (0x0000000089720000) 
thrown [./open/src/hotspot/share/interpreter/linkResolver.cpp, line 782]
Event: 0.603 Thread 0x000001caf4b9e960 Exception <a 'java/lang/ClassNotFoundException'{0x00000000896079f8}: sun/awt/resources/spi/awtProvider> (0x00000000896079f8) 
thrown [./open/src/hotspot/share/classfile/systemDictionary.cpp, line 295]
Event: 0.630 Thread 0x000001caf4b9e960 Exception <a 'java/io/FileNotFoundException'{0x000000008965d000}> (0x000000008965d000) 
thrown [./open/src/hotspot/share/prims/jni.cpp, line 578]
Event: 0.644 Thread 0x000001caf4b9e960 Exception <a 'java/io/FileNotFoundException'{0x000000008968bef0}> (0x000000008968bef0) 
thrown [./open/src/hotspot/share/prims/jni.cpp, line 578]
Event: 0.644 Thread 0x000001caf4b9e960 Exception <a 'java/lang/NoSuchMethodError'{0x000000008968d4c0}: 'java.lang.Object java.lang.invoke.DirectMethodHandle$Holder.invokeStatic(java.lang.Object)'> (0x000000008968d4c0) 
thrown [./open/src/hotspot/share/interpreter/linkResolver.cpp, line 782]
Event: 0.690 Thread 0x000001caf4b9e960 Exception <a 'java/lang/NoSuchMethodError'{0x00000000896e2470}: 'java.lang.Object java.lang.invoke.DirectMethodHandle$Holder.invokeStaticInit(java.lang.Object)'> (0x00000000896e2470) 
thrown [./open/src/hotspot/share/interpreter/linkResolver.cpp, line 782]
Event: 0.731 Thread 0x000001caf4b9e960 Exception <a 'java/lang/NoSuchMethodError'{0x0000000089596c40}: 'java.lang.Object java.lang.invoke.DirectMethodHandle$Holder.newInvokeSpecial(java.lang.Object, java.lang.Object, java.lang.Object, java.lang.Object, java.lang.Object)'> (0x0000000089596c40) 
thrown [./open/src/hotspot/share/interpreter/linkResolver.cpp, line 782]
Event: 0.732 Thread 0x000001caf4b9e960 Exception <a 'java/lang/NoSuchMethodError'{0x00000000895a26d0}: 'java.lang.Object java.lang.invoke.DirectMethodHandle$Holder.invokeStatic(java.lang.Object, int, java.lang.Object, java.lang.Object, java.lang.Object, java.lang.Object)'> (0x00000000895a26d0) 
thrown [./open/src/hotspot/share/interpreter/linkResolver.cpp, line 782]
Event: 0.738 Thread 0x000001caf4b9e960 Exception <a 'java/lang/NoSuchMethodError'{0x00000000895c8bd0}: 'java.lang.Object java.lang.invoke.DirectMethodHandle$Holder.invokeStatic(java.lang.Object, int, java.lang.Object)'> (0x00000000895c8bd0) 
thrown [./open/src/hotspot/share/interpreter/linkResolver.cpp, line 782]
Event: 0.762 Thread 0x000001caf4b9e960 Exception <a 'java/lang/ClassNotFoundException'{0x0000000089480b78}: com/sun/swing/internal/plaf/metal/resources/spi/metalProvider> (0x0000000089480b78) 
thrown [./open/src/hotspot/share/classfile/systemDictionary.cpp, line 295]
Event: 0.763 Thread 0x000001caf4b9e960 Exception <a 'java/lang/ClassNotFoundException'{0x0000000089484bb8}: com/sun/swing/internal/plaf/basic/resources/spi/basicProvider> (0x0000000089484bb8) 
thrown [./open/src/hotspot/share/classfile/systemDictionary.cpp, line 295]
Event: 0.768 Thread 0x000001caf4b9e960 Implicit null exception at 0x000001ca87af8fd8 to 0x000001ca87af9066
Event: 0.948 Thread 0x000001caf4b9e960 Implicit null exception at 0x000001ca87ae392f to 0x000001ca87ae39a1
Event: 0.976 Thread 0x000001ca8f616ff0 Exception <a 'java/lang/NoSuchMethodError'{0x00000000898920b8}: 'java.lang.Object java.lang.invoke.DirectMethodHandle$Holder.newInvokeSpecial(java.lang.Object, java.lang.Object, java.lang.Object, int, int, int, int, int)'> (0x00000000898920b8) 
thrown [./open/src/hotspot/share/interpreter/linkResolver.cpp, line 782]
Event: 1.007 Thread 0x000001caf4b9e960 Exception <a 'java/lang/NoSuchMethodError'{0x0000000089854048}: 'void java.lang.invoke.DirectMethodHandle$Holder.invokeStaticInit(java.lang.Object)'> (0x0000000089854048) 
thrown [./open/src/hotspot/share/interpreter/linkResolver.cpp, line 782]
Event: 1.019 Thread 0x000001caf4b9e960 Exception <a 'java/io/FileNotFoundException'{0x0000000089860c38}> (0x0000000089860c38) 
thrown [./open/src/hotspot/share/prims/jni.cpp, line 578]
Event: 1.198 Thread 0x000001caf4b9e960 Exception <a 'java/io/FileNotFoundException'{0x0000000089748230}> (0x0000000089748230) 
thrown [./open/src/hotspot/share/prims/jni.cpp, line 578]
Event: 1.536 Thread 0x000001caf4b9e960 Exception <a 'java/io/FileNotFoundException'{0x00000000897b13e8}> (0x00000000897b13e8) 
thrown [./open/src/hotspot/share/prims/jni.cpp, line 578]
Event: 1.538 Thread 0x000001caf4b9e960 Exception <a 'java/io/FileNotFoundException'{0x00000000897bfb98}> (0x00000000897bfb98) 
thrown [./open/src/hotspot/share/prims/jni.cpp, line 578]
Event: 1.853 Thread 0x000001caf4b9e960 Exception <a 'java/io/FileNotFoundException'{0x00000000897d1438}> (0x00000000897d1438) 
thrown [./open/src/hotspot/share/prims/jni.cpp, line 578]

Events (20 events):
Event: 2.160 Thread 0x000001ca8fba53b0 Thread added: 0x000001ca8fba53b0
Event: 2.161 Thread 0x000001caf4b9e960 Thread exited: 0x000001caf4b9e960
Event: 2.161 Thread 0x000001ca8fba4ee0 Thread added: 0x000001ca8fba4ee0
Event: 3.011 loading class sun/awt/DebugSettings
Event: 3.011 loading class sun/awt/DebugSettings done
Event: 3.011 loading class javax/swing/JComponent$KeyboardState
Event: 3.011 loading class javax/swing/JComponent$KeyboardState done
Event: 3.011 loading class javax/swing/JComponent$IntVector
Event: 3.011 loading class javax/swing/JComponent$IntVector done
Event: 3.012 loading class javax/swing/JInternalFrame
Event: 3.012 loading class javax/swing/JInternalFrame done
Event: 3.012 loading class javax/swing/KeyboardManager
Event: 3.012 loading class javax/swing/KeyboardManager done
Event: 3.012 loading class javax/swing/Popup$HeavyWeightWindow
Event: 3.012 loading class sun/awt/ModalExclude
Event: 3.012 loading class sun/awt/ModalExclude done
Event: 3.012 loading class javax/swing/JWindow
Event: 3.013 loading class javax/swing/JWindow done
Event: 3.013 loading class javax/swing/Popup$HeavyWeightWindow done
Event: 5.992 Thread 0x000001ca8f616ff0 Thread exited: 0x000001ca8f616ff0


Dynamic libraries:
0x00007ff73e360000 - 0x00007ff73e36d000 	C:\Users\USER\.p2\pool\plugins\org.eclipse.justj.openjdk.hotspot.jre.full.win32.x86_64_15.0.2.v20210201-0955\jre\bin\javaw.exe
0x00007ffd7ebb0000 - 0x00007ffd7eda6000 	C:\Windows\SYSTEM32\ntdll.dll
0x00007ffd7d860000 - 0x00007ffd7d91d000 	C:\Windows\System32\KERNEL32.DLL
0x00007ffd7c770000 - 0x00007ffd7ca39000 	C:\Windows\System32\KERNELBASE.dll
0x00007ffd7c450000 - 0x00007ffd7c550000 	C:\Windows\System32\ucrtbase.dll
0x00007ffd75ac0000 - 0x00007ffd75ad8000 	C:\Users\USER\.p2\pool\plugins\org.eclipse.justj.openjdk.hotspot.jre.full.win32.x86_64_15.0.2.v20210201-0955\jre\bin\jli.dll
0x00007ffd7e420000 - 0x00007ffd7e5c0000 	C:\Windows\System32\USER32.dll
0x00007ffd7c550000 - 0x00007ffd7c572000 	C:\Windows\System32\win32u.dll
0x00007ffd7dbd0000 - 0x00007ffd7dbfa000 	C:\Windows\System32\GDI32.dll
0x00007ffd7c580000 - 0x00007ffd7c68b000 	C:\Windows\System32\gdi32full.dll
0x00007ffd7cb70000 - 0x00007ffd7cc0d000 	C:\Windows\System32\msvcp_win.dll
0x00007ffd77f20000 - 0x00007ffd77f39000 	C:\Users\USER\.p2\pool\plugins\org.eclipse.justj.openjdk.hotspot.jre.full.win32.x86_64_15.0.2.v20210201-0955\jre\bin\VCRUNTIME140.dll
0x00007ffd6cfa0000 - 0x00007ffd6d23b000 	C:\Windows\WinSxS\amd64_microsoft.windows.common-controls_6595b64144ccf1df_6.0.19041.746_none_ca02b4b61b8320a4\COMCTL32.dll
0x00007ffd7d460000 - 0x00007ffd7d4fe000 	C:\Windows\System32\msvcrt.dll
0x00007ffd7dc00000 - 0x00007ffd7dc30000 	C:\Windows\System32\IMM32.DLL
0x00007ffd75ab0000 - 0x00007ffd75abc000 	C:\Users\USER\.p2\pool\plugins\org.eclipse.justj.openjdk.hotspot.jre.full.win32.x86_64_15.0.2.v20210201-0955\jre\bin\vcruntime140_1.dll
0x00007ffd69000000 - 0x00007ffd69091000 	C:\Users\USER\.p2\pool\plugins\org.eclipse.justj.openjdk.hotspot.jre.full.win32.x86_64_15.0.2.v20210201-0955\jre\bin\msvcp140.dll
0x00007ffd58590000 - 0x00007ffd590ee000 	C:\Users\USER\.p2\pool\plugins\org.eclipse.justj.openjdk.hotspot.jre.full.win32.x86_64_15.0.2.v20210201-0955\jre\bin\server\jvm.dll
0x00007ffd7e650000 - 0x00007ffd7e6fc000 	C:\Windows\System32\ADVAPI32.dll
0x00007ffd7cce0000 - 0x00007ffd7cd7c000 	C:\Windows\System32\sechost.dll
0x00007ffd7d280000 - 0x00007ffd7d3ab000 	C:\Windows\System32\RPCRT4.dll
0x00007ffd7e640000 - 0x00007ffd7e648000 	C:\Windows\System32\PSAPI.DLL
0x00007ffd77fb0000 - 0x00007ffd77fb9000 	C:\Windows\SYSTEM32\WSOCK32.dll
0x00007ffd7cc10000 - 0x00007ffd7cc7b000 	C:\Windows\System32\WS2_32.dll
0x00007ffd6fff0000 - 0x00007ffd70017000 	C:\Windows\SYSTEM32\WINMM.dll
0x00007ffd76a70000 - 0x00007ffd76a7a000 	C:\Windows\SYSTEM32\VERSION.dll
0x00007ffd7a260000 - 0x00007ffd7a272000 	C:\Windows\SYSTEM32\kernel.appcore.dll
0x00007ffd75a30000 - 0x00007ffd75a3a000 	C:\Users\USER\.p2\pool\plugins\org.eclipse.justj.openjdk.hotspot.jre.full.win32.x86_64_15.0.2.v20210201-0955\jre\bin\jimage.dll
0x00007ffd67430000 - 0x00007ffd67614000 	C:\Windows\SYSTEM32\DBGHELP.DLL
0x00007ffd67400000 - 0x00007ffd6742c000 	C:\Windows\SYSTEM32\dbgcore.DLL
0x00007ffd7caf0000 - 0x00007ffd7cb70000 	C:\Windows\System32\bcryptPrimitives.dll
0x00007ffd73b40000 - 0x00007ffd73b65000 	C:\Users\USER\.p2\pool\plugins\org.eclipse.justj.openjdk.hotspot.jre.full.win32.x86_64_15.0.2.v20210201-0955\jre\bin\java.dll
0x00007ffd73740000 - 0x00007ffd73758000 	C:\Users\USER\.p2\pool\plugins\org.eclipse.justj.openjdk.hotspot.jre.full.win32.x86_64_15.0.2.v20210201-0955\jre\bin\zip.dll
0x00007ffd7dcc0000 - 0x00007ffd7e402000 	C:\Windows\System32\SHELL32.dll
0x00007ffd7a460000 - 0x00007ffd7abf0000 	C:\Windows\SYSTEM32\windows.storage.dll
0x00007ffd7cf10000 - 0x00007ffd7d266000 	C:\Windows\System32\combase.dll
0x00007ffd7bc80000 - 0x00007ffd7bcac000 	C:\Windows\SYSTEM32\Wldp.dll
0x00007ffd7d500000 - 0x00007ffd7d5ae000 	C:\Windows\System32\SHCORE.dll
0x00007ffd7d980000 - 0x00007ffd7d9d5000 	C:\Windows\System32\shlwapi.dll
0x00007ffd7c220000 - 0x00007ffd7c246000 	C:\Windows\SYSTEM32\profapi.dll
0x00007ffd718e0000 - 0x00007ffd718f9000 	C:\Users\USER\.p2\pool\plugins\org.eclipse.justj.openjdk.hotspot.jre.full.win32.x86_64_15.0.2.v20210201-0955\jre\bin\net.dll
0x00007ffd75d20000 - 0x00007ffd75e20000 	C:\Windows\SYSTEM32\WINHTTP.dll
0x00007ffd7ba00000 - 0x00007ffd7ba6a000 	C:\Windows\system32\mswsock.dll
0x00007ffd6e550000 - 0x00007ffd6e562000 	C:\Users\USER\.p2\pool\plugins\org.eclipse.justj.openjdk.hotspot.jre.full.win32.x86_64_15.0.2.v20210201-0955\jre\bin\nio.dll
0x00007ffd5fa60000 - 0x00007ffd5fbdf000 	C:\Users\USER\.p2\pool\plugins\org.eclipse.justj.openjdk.hotspot.jre.full.win32.x86_64_15.0.2.v20210201-0955\jre\bin\awt.dll
0x00007ffd7d9e0000 - 0x00007ffd7daad000 	C:\Windows\System32\OLEAUT32.dll
0x00007ffd79c10000 - 0x00007ffd79ca0000 	C:\Windows\SYSTEM32\apphelp.dll
0x00007ffd7a080000 - 0x00007ffd7a0af000 	C:\Windows\system32\DWMAPI.DLL
0x00007ffd79da0000 - 0x00007ffd79e3e000 	C:\Windows\system32\uxtheme.dll
0x00007ffd60410000 - 0x00007ffd60535000 	C:\Windows\system32\opengl32.dll
0x00007ffd737f0000 - 0x00007ffd7381c000 	C:\Windows\SYSTEM32\GLU32.dll
0x00007ffd7dab0000 - 0x00007ffd7dbc5000 	C:\Windows\System32\MSCTF.dll
0x00007ffd7cde0000 - 0x00007ffd7cf0a000 	C:\Windows\System32\ole32.dll
0x00007ffd68870000 - 0x00007ffd688f5000 	C:\Users\USER\.p2\pool\plugins\org.eclipse.justj.openjdk.hotspot.jre.full.win32.x86_64_15.0.2.v20210201-0955\jre\bin\freetype.dll
0x00007ffd65ec0000 - 0x00007ffd65f69000 	C:\Users\USER\.p2\pool\plugins\org.eclipse.justj.openjdk.hotspot.jre.full.win32.x86_64_15.0.2.v20210201-0955\jre\bin\fontmanager.dll
0x00007ffd7d3b0000 - 0x00007ffd7d459000 	C:\Windows\System32\clbcatq.dll
0x00007ffd75eb0000 - 0x00007ffd76064000 	C:\Windows\SYSTEM32\WindowsCodecs.dll
0x00007ffd7c690000 - 0x00007ffd7c6b7000 	C:\Windows\System32\bcrypt.dll
0x00007ffd63c20000 - 0x00007ffd63c5e000 	C:\Windows\system32\dataexchange.dll
0x00007ffd78ff0000 - 0x00007ffd791d7000 	C:\Windows\system32\dcomp.dll
0x00007ffd78680000 - 0x00007ffd788e4000 	C:\Windows\system32\d3d11.dll
0x00007ffd7ac30000 - 0x00007ffd7ad23000 	C:\Windows\system32\dxgi.dll
0x00007ffd760a0000 - 0x00007ffd762a1000 	C:\Windows\system32\twinapi.appcore.dll
0x00007ffd71f20000 - 0x00007ffd7201b000 	C:\Windows\SYSTEM32\textinputframework.dll
0x00007ffd798c0000 - 0x00007ffd799b2000 	C:\Windows\System32\CoreMessaging.dll
0x00007ffd79560000 - 0x00007ffd798be000 	C:\Windows\System32\CoreUIComponents.dll
0x00007ffd7b030000 - 0x00007ffd7b063000 	C:\Windows\SYSTEM32\ntmarta.dll
0x00007ffd78e90000 - 0x00007ffd78fe4000 	C:\Windows\SYSTEM32\wintypes.dll
0x00007ffd73c60000 - 0x00007ffd73c70000 	C:\Users\USER\.p2\pool\plugins\org.eclipse.justj.openjdk.hotspot.jre.full.win32.x86_64_15.0.2.v20210201-0955\jre\bin\verify.dll
0x0000000180000000 - 0x0000000180025000 	C:\Users\USER\Desktop\projectPcbang-master\lib\rxtxSerial.dll
0x00007ffd59c50000 - 0x00007ffd59d21000 	C:\Windows\System32\IME\IMEKR\imkrtip.dll
0x00007ffd77cc0000 - 0x00007ffd77db7000 	C:\Windows\SYSTEM32\PROPSYS.dll
0x00007ffd59b00000 - 0x00007ffd59c42000 	C:\Windows\System32\IME\shared\imetip.dll
0x00007ffd59950000 - 0x00007ffd59afe000 	C:\Windows\SYSTEM32\DUI70.dll
0x00007ffd6ff70000 - 0x00007ffd6ffd6000 	C:\Windows\SYSTEM32\OLEACC.dll
0x00007ffd6c890000 - 0x00007ffd6c8d1000 	C:\Windows\System32\IME\IMEKR\imkrapi.dll
0x00007ffd77510000 - 0x00007ffd775b0000 	C:\Windows\SYSTEM32\policymanager.dll
0x00007ffd7b430000 - 0x00007ffd7b4ba000 	C:\Windows\SYSTEM32\msvcp110_win.dll
0x00007ffd6c910000 - 0x00007ffd6c94e000 	C:\Windows\System32\IME\shared\imjkapi.dll

dbghelp: loaded successfully - version: 4.0.5 - missing functions: none
symbol engine: initialized successfully - sym options: 0x614 - pdb path: .;C:\Users\USER\.p2\pool\plugins\org.eclipse.justj.openjdk.hotspot.jre.full.win32.x86_64_15.0.2.v20210201-0955\jre\bin;C:\Windows\SYSTEM32;C:\Windows\WinSxS\amd64_microsoft.windows.common-controls_6595b64144ccf1df_6.0.19041.746_none_ca02b4b61b8320a4;C:\Users\USER\.p2\pool\plugins\org.eclipse.justj.openjdk.hotspot.jre.full.win32.x86_64_15.0.2.v20210201-0955\jre\bin\server;C:\Users\USER\Desktop\projectPcbang-master\lib;C:\Windows\System32\IME\IMEKR;C:\Windows\System32\IME\shared

VM Arguments:
jvm_args: -Djava.library.path=C:\Users\USER\Desktop\projectPcbang-master\lib -Dfile.encoding=UTF-8 --module-path=C:\Users\USER\Downloads\mysql-connector-java-5.1.6\mysql-connector-java-5.1.6-bin.jar;C:\Users\USER\Desktop\projectPcbang-master\purejavacomm-1.0.3.jar;C:\Users\USER\Desktop\projectPcbang-master\lib\RXTXcomm.jar -XX:+ShowCodeDetailsInExceptionMessages 
java_command: control.Vcontrol
java_class_path (initial): C:\Users\USER\Desktop\projectPcbang-master\bin
Launcher Type: SUN_STANDARD

[Global flags]
     intx CICompilerCount                          = 3                                         {product} {ergonomic}
     uint ConcGCThreads                            = 1                                         {product} {ergonomic}
     uint G1ConcRefinementThreads                  = 4                                         {product} {ergonomic}
   size_t G1HeapRegionSize                         = 1048576                                   {product} {ergonomic}
    uintx GCDrainStackTargetSize                   = 64                                        {product} {ergonomic}
   size_t InitialHeapSize                          = 134217728                                 {product} {ergonomic}
   size_t MarkStackSize                            = 4194304                                   {product} {ergonomic}
   size_t MaxHeapSize                              = 2120220672                                {product} {ergonomic}
   size_t MaxNewSize                               = 1271922688                                {product} {ergonomic}
   size_t MinHeapDeltaBytes                        = 1048576                                   {product} {ergonomic}
   size_t MinHeapSize                              = 8388608                                   {product} {ergonomic}
    uintx NonNMethodCodeHeapSize                   = 5832780                                {pd product} {ergonomic}
    uintx NonProfiledCodeHeapSize                  = 122912730                              {pd product} {ergonomic}
    uintx ProfiledCodeHeapSize                     = 122912730                              {pd product} {ergonomic}
    uintx ReservedCodeCacheSize                    = 251658240                              {pd product} {ergonomic}
     bool SegmentedCodeCache                       = true                                      {product} {ergonomic}
     bool ShowCodeDetailsInExceptionMessages       = true                                   {manageable} {command line}
   size_t SoftMaxHeapSize                          = 2120220672                             {manageable} {ergonomic}
     bool UseCompressedClassPointers               = true                                 {lp64_product} {ergonomic}
     bool UseCompressedOops                        = true                                 {lp64_product} {ergonomic}
     bool UseG1GC                                  = true                                      {product} {ergonomic}
     bool UseLargePagesIndividualAllocation        = false                                  {pd product} {ergonomic}

Logging:
Log output configuration:
 #0: stdout all=warning uptime,level,tags
 #1: stderr all=off uptime,level,tags

Environment Variables:
JAVA_HOME=C:\Program Files\Java\jdk1.8.0_251
CLASSPATH=C:\Program Files\Java\jdk1.8.0_251\lib;.;
PATH=C:/Users/USER/.p2/pool/plugins/org.eclipse.justj.openjdk.hotspot.jre.full.win32.x86_64_15.0.2.v20210201-0955/jre/bin/server;C:/Users/USER/.p2/pool/plugins/org.eclipse.justj.openjdk.hotspot.jre.full.win32.x86_64_15.0.2.v20210201-0955/jre/bin;C:\Program Files (x86)\Common Files\Oracle\Java\javapath;C:\Windows\system32;C:\Windows;C:\Windows\System32\Wbem;C:\Windows\System32\WindowsPowerShell\v1.0\;C:\Windows\System32\OpenSSH\;C:\Program Files (x86)\NVIDIA Corporation\PhysX\Common;C:\Program Files\Java\jdk1.8.0_251\bin;C:\Users\USER\AppData\Local\Microsoft\WindowsApps;;C:\Users\USER\Desktop;
USERNAME=USER
OS=Windows_NT
PROCESSOR_IDENTIFIER=Intel64 Family 6 Model 58 Stepping 9, GenuineIntel



---------------  S Y S T E M  ---------------

OS:
 Windows 10 , 64 bit Build 19041 (10.0.19041.804)
OS uptime: 6 days 5:06 hours

CPU: total 4 (initial active 4) (2 cores per cpu, 2 threads per core) family 6 model 58 stepping 9 microcode 0x21, cmov, cx8, fxsr, mmx, sse, sse2, sse3, ssse3, sse4.1, sse4.2, popcnt, vzeroupper, avx, clmul, erms, ht, tsc, tscinvbit, tscinv, clflush

Memory: 4k page, system-wide physical 8084M (4864M free)
TotalPageFile size 8596M (AvailPageFile size 4988M)
current process WorkingSet (physical memory assigned to process): 110M, peak: 115M
current process commit charge ("private bytes"): 216M, peak: 220M

vm_info: OpenJDK 64-Bit Server VM (15.0.2+7-27) for windows-amd64 JRE (15.0.2+7-27), built on Dec  7 2020 20:02:38 by "mach5one" with unknown MS VC++:1925

END.
